2022-03-02 13:38:18 DEBUG InternalLoggerFactory:89 - Using Log4J as the default logging framework
2022-03-02 13:38:18 DEBUG ResourceLeakDetector:129 - -Dio.netty.leakDetection.level: simple
2022-03-02 13:38:18 DEBUG ResourceLeakDetector:130 - -Dio.netty.leakDetection.targetRecords: 4
2022-03-02 13:38:18 DEBUG ResourceLeakDetectorFactory:196 - Loaded default ResourceLeakDetector: io.netty.util.ResourceLeakDetector@4dd02341
2022-03-02 13:38:19 DEBUG PlatformDependent0:460 - -Dio.netty.noUnsafe: false
2022-03-02 13:38:19 DEBUG PlatformDependent0:954 - Java version: 17
2022-03-02 13:38:19 DEBUG PlatformDependent0:135 - sun.misc.Unsafe.theUnsafe: available
2022-03-02 13:38:19 DEBUG PlatformDependent0:159 - sun.misc.Unsafe.copyMemory: available
2022-03-02 13:38:19 DEBUG PlatformDependent0:202 - java.nio.Buffer.address: available
2022-03-02 13:38:19 DEBUG PlatformDependent0:285 - direct buffer constructor: unavailable: Reflective setAccessible(true) disabled
2022-03-02 13:38:19 DEBUG PlatformDependent0:350 - java.nio.Bits.unaligned: available, true
2022-03-02 13:38:19 DEBUG PlatformDependent0:417 - jdk.internal.misc.Unsafe.allocateUninitializedArray(int): unavailable: class io.netty.util.internal.PlatformDependent0$6 cannot access class jdk.internal.misc.Unsafe (in module java.base) because module java.base does not export jdk.internal.misc to unnamed module @61dc03ce
2022-03-02 13:38:19 DEBUG PlatformDependent0:446 - java.nio.DirectByteBuffer.<init>(long, int): unavailable
2022-03-02 13:38:19 DEBUG PlatformDependent:1116 - sun.misc.Unsafe: available
2022-03-02 13:38:19 DEBUG PlatformDependent:1218 - maxDirectMemory: 2080374784 bytes (maybe)
2022-03-02 13:38:19 DEBUG PlatformDependent:1237 - -Dio.netty.tmpdir: C:\Users\Admin\AppData\Local\Temp (java.io.tmpdir)
2022-03-02 13:38:19 DEBUG PlatformDependent:1316 - -Dio.netty.bitMode: 64 (sun.arch.data.model)
2022-03-02 13:38:19 DEBUG PlatformDependent:1076 - Platform: Windows
2022-03-02 13:38:19 DEBUG PlatformDependent:178 - -Dio.netty.maxDirectMemory: -1 bytes
2022-03-02 13:38:19 DEBUG PlatformDependent:185 - -Dio.netty.uninitializedArrayAllocationThreshold: -1
2022-03-02 13:38:19 DEBUG CleanerJava9:71 - java.nio.ByteBuffer.cleaner(): available
2022-03-02 13:38:19 DEBUG PlatformDependent:205 - -Dio.netty.noPreferDirect: false
2022-03-02 13:38:19 DEBUG PlatformDependent:967 - org.jctools-core.MpscChunkedArrayQueue: available
2022-03-02 13:38:19 DEBUG InternalThreadLocalMap:86 - -Dio.netty.threadLocalMap.stringBuilder.initialSize: 1024
2022-03-02 13:38:19 DEBUG InternalThreadLocalMap:89 - -Dio.netty.threadLocalMap.stringBuilder.maxSize: 4096
2022-03-02 13:38:19 DEBUG JdkSslContext:97 - Default protocols (JDK): [TLSv1.3, TLSv1.2] 
2022-03-02 13:38:19 DEBUG JdkSslContext:98 - Default cipher suites (JDK): [TLS_ECDHE_ECDSA_WITH_AES_256_GCM_SHA384, TLS_ECDHE_ECDSA_WITH_AES_128_GCM_SHA256, TLS_ECDHE_RSA_WITH_AES_128_GCM_SHA256, TLS_ECDHE_RSA_WITH_AES_256_GCM_SHA384, TLS_ECDHE_RSA_WITH_AES_128_CBC_SHA, TLS_ECDHE_RSA_WITH_AES_256_CBC_SHA, TLS_RSA_WITH_AES_128_GCM_SHA256, TLS_RSA_WITH_AES_128_CBC_SHA, TLS_RSA_WITH_AES_256_CBC_SHA, TLS_AES_128_GCM_SHA256, TLS_AES_256_GCM_SHA384]
2022-03-02 13:38:19 DEBUG MultithreadEventLoopGroup:44 - -Dio.netty.eventLoopThreads: 8
2022-03-02 13:38:19 DEBUG NioEventLoop:109 - -Dio.netty.noKeySetOptimization: false
2022-03-02 13:38:19 DEBUG NioEventLoop:110 - -Dio.netty.selectorAutoRebuildThreshold: 512
2022-03-02 13:38:19 DEBUG PooledByteBufAllocator:155 - -Dio.netty.allocator.numHeapArenas: 8
2022-03-02 13:38:19 DEBUG PooledByteBufAllocator:156 - -Dio.netty.allocator.numDirectArenas: 8
2022-03-02 13:38:19 DEBUG PooledByteBufAllocator:158 - -Dio.netty.allocator.pageSize: 8192
2022-03-02 13:38:19 DEBUG PooledByteBufAllocator:163 - -Dio.netty.allocator.maxOrder: 11
2022-03-02 13:38:19 DEBUG PooledByteBufAllocator:167 - -Dio.netty.allocator.chunkSize: 16777216
2022-03-02 13:38:19 DEBUG PooledByteBufAllocator:168 - -Dio.netty.allocator.smallCacheSize: 256
2022-03-02 13:38:19 DEBUG PooledByteBufAllocator:169 - -Dio.netty.allocator.normalCacheSize: 64
2022-03-02 13:38:19 DEBUG PooledByteBufAllocator:170 - -Dio.netty.allocator.maxCachedBufferCapacity: 32768
2022-03-02 13:38:19 DEBUG PooledByteBufAllocator:171 - -Dio.netty.allocator.cacheTrimInterval: 8192
2022-03-02 13:38:19 DEBUG PooledByteBufAllocator:172 - -Dio.netty.allocator.cacheTrimIntervalMillis: 0
2022-03-02 13:38:19 DEBUG PooledByteBufAllocator:173 - -Dio.netty.allocator.useCacheForAllThreads: true
2022-03-02 13:38:19 DEBUG PooledByteBufAllocator:174 - -Dio.netty.allocator.maxCachedByteBuffersPerChunk: 1023
2022-03-02 13:38:19 DEBUG ByteBufUtil:87 - -Dio.netty.allocator.type: pooled
2022-03-02 13:38:19 DEBUG ByteBufUtil:96 - -Dio.netty.threadLocalDirectBufferSize: 0
2022-03-02 13:38:19 DEBUG ByteBufUtil:99 - -Dio.netty.maxThreadLocalCharBufferSize: 16384
2022-03-02 13:38:20 DEBUG DefaultChannelId:79 - -Dio.netty.processId: 26784 (auto-detected)
2022-03-02 13:38:20 DEBUG NetUtil:135 - -Djava.net.preferIPv4Stack: true
2022-03-02 13:38:20 DEBUG NetUtil:136 - -Djava.net.preferIPv6Addresses: false
2022-03-02 13:38:20 DEBUG NetUtilInitializations:129 - Loopback interface: lo (Software Loopback Interface 1, 127.0.0.1)
2022-03-02 13:38:20 DEBUG NetUtil:187 - Failed to get SOMAXCONN from sysctl and file \proc\sys\net\core\somaxconn. Default: 200
2022-03-02 13:38:20 DEBUG DefaultChannelId:101 - -Dio.netty.machineId: 38:68:93:ff:fe:55:c8:a5 (auto-detected)
2022-03-02 13:38:20 DEBUG AbstractByteBuf:63 - -Dio.netty.buffer.checkAccessible: true
2022-03-02 13:38:20 DEBUG AbstractByteBuf:64 - -Dio.netty.buffer.checkBounds: true
2022-03-02 13:38:20 DEBUG ResourceLeakDetectorFactory:196 - Loaded default ResourceLeakDetector: io.netty.util.ResourceLeakDetector@7fb7db0c
2022-03-02 13:38:20 DEBUG Recycler:85 - -Dio.netty.recycler.maxCapacityPerThread: 4096
2022-03-02 13:38:20 DEBUG Recycler:86 - -Dio.netty.recycler.ratio: 8
2022-03-02 13:38:20 DEBUG Recycler:87 - -Dio.netty.recycler.chunkSize: 32
2022-03-02 13:38:20 DEBUG Recycler:88 - -Dio.netty.recycler.blocking: false
2022-03-02 13:38:21 DEBUG Brotli:38 - brotli4j not in the classpath; Brotli support will be unavailable.
2022-03-02 13:38:22 DEBUG ThreadLocalRandom:214 - -Dio.netty.initialSeedUniquifier: 0xef4c6a961e57a522
2022-03-02 13:38:22 INFO  Log4j:25 - Driver launched
2022-03-02 13:38:22 INFO  Log4j:14 - =====================================Test case 1 TEST START=========================================
2022-03-02 13:42:55 DEBUG InternalLoggerFactory:89 - Using Log4J as the default logging framework
2022-03-02 13:42:55 DEBUG ResourceLeakDetector:129 - -Dio.netty.leakDetection.level: simple
2022-03-02 13:42:55 DEBUG ResourceLeakDetector:130 - -Dio.netty.leakDetection.targetRecords: 4
2022-03-02 13:42:55 DEBUG ResourceLeakDetectorFactory:196 - Loaded default ResourceLeakDetector: io.netty.util.ResourceLeakDetector@79d94571
2022-03-02 13:42:55 DEBUG PlatformDependent0:460 - -Dio.netty.noUnsafe: false
2022-03-02 13:42:55 DEBUG PlatformDependent0:954 - Java version: 17
2022-03-02 13:42:55 DEBUG PlatformDependent0:135 - sun.misc.Unsafe.theUnsafe: available
2022-03-02 13:42:55 DEBUG PlatformDependent0:159 - sun.misc.Unsafe.copyMemory: available
2022-03-02 13:42:55 DEBUG PlatformDependent0:202 - java.nio.Buffer.address: available
2022-03-02 13:42:55 DEBUG PlatformDependent0:285 - direct buffer constructor: unavailable: Reflective setAccessible(true) disabled
2022-03-02 13:42:55 DEBUG PlatformDependent0:350 - java.nio.Bits.unaligned: available, true
2022-03-02 13:42:55 DEBUG PlatformDependent0:417 - jdk.internal.misc.Unsafe.allocateUninitializedArray(int): unavailable: class io.netty.util.internal.PlatformDependent0$6 cannot access class jdk.internal.misc.Unsafe (in module java.base) because module java.base does not export jdk.internal.misc to unnamed module @61dc03ce
2022-03-02 13:42:55 DEBUG PlatformDependent0:446 - java.nio.DirectByteBuffer.<init>(long, int): unavailable
2022-03-02 13:42:55 DEBUG PlatformDependent:1116 - sun.misc.Unsafe: available
2022-03-02 13:42:55 DEBUG PlatformDependent:1218 - maxDirectMemory: 2080374784 bytes (maybe)
2022-03-02 13:42:55 DEBUG PlatformDependent:1237 - -Dio.netty.tmpdir: C:\Users\Admin\AppData\Local\Temp (java.io.tmpdir)
2022-03-02 13:42:55 DEBUG PlatformDependent:1316 - -Dio.netty.bitMode: 64 (sun.arch.data.model)
2022-03-02 13:42:55 DEBUG PlatformDependent:1076 - Platform: Windows
2022-03-02 13:42:55 DEBUG PlatformDependent:178 - -Dio.netty.maxDirectMemory: -1 bytes
2022-03-02 13:42:55 DEBUG PlatformDependent:185 - -Dio.netty.uninitializedArrayAllocationThreshold: -1
2022-03-02 13:42:55 DEBUG CleanerJava9:71 - java.nio.ByteBuffer.cleaner(): available
2022-03-02 13:42:55 DEBUG PlatformDependent:205 - -Dio.netty.noPreferDirect: false
2022-03-02 13:42:55 DEBUG PlatformDependent:967 - org.jctools-core.MpscChunkedArrayQueue: available
2022-03-02 13:42:55 DEBUG InternalThreadLocalMap:86 - -Dio.netty.threadLocalMap.stringBuilder.initialSize: 1024
2022-03-02 13:42:55 DEBUG InternalThreadLocalMap:89 - -Dio.netty.threadLocalMap.stringBuilder.maxSize: 4096
2022-03-02 13:42:55 DEBUG JdkSslContext:97 - Default protocols (JDK): [TLSv1.3, TLSv1.2] 
2022-03-02 13:42:55 DEBUG JdkSslContext:98 - Default cipher suites (JDK): [TLS_ECDHE_ECDSA_WITH_AES_256_GCM_SHA384, TLS_ECDHE_ECDSA_WITH_AES_128_GCM_SHA256, TLS_ECDHE_RSA_WITH_AES_128_GCM_SHA256, TLS_ECDHE_RSA_WITH_AES_256_GCM_SHA384, TLS_ECDHE_RSA_WITH_AES_128_CBC_SHA, TLS_ECDHE_RSA_WITH_AES_256_CBC_SHA, TLS_RSA_WITH_AES_128_GCM_SHA256, TLS_RSA_WITH_AES_128_CBC_SHA, TLS_RSA_WITH_AES_256_CBC_SHA, TLS_AES_128_GCM_SHA256, TLS_AES_256_GCM_SHA384]
2022-03-02 13:42:55 DEBUG MultithreadEventLoopGroup:44 - -Dio.netty.eventLoopThreads: 8
2022-03-02 13:42:55 DEBUG NioEventLoop:109 - -Dio.netty.noKeySetOptimization: false
2022-03-02 13:42:55 DEBUG NioEventLoop:110 - -Dio.netty.selectorAutoRebuildThreshold: 512
2022-03-02 13:42:55 DEBUG PooledByteBufAllocator:155 - -Dio.netty.allocator.numHeapArenas: 8
2022-03-02 13:42:55 DEBUG PooledByteBufAllocator:156 - -Dio.netty.allocator.numDirectArenas: 8
2022-03-02 13:42:55 DEBUG PooledByteBufAllocator:158 - -Dio.netty.allocator.pageSize: 8192
2022-03-02 13:42:55 DEBUG PooledByteBufAllocator:163 - -Dio.netty.allocator.maxOrder: 11
2022-03-02 13:42:55 DEBUG PooledByteBufAllocator:167 - -Dio.netty.allocator.chunkSize: 16777216
2022-03-02 13:42:55 DEBUG PooledByteBufAllocator:168 - -Dio.netty.allocator.smallCacheSize: 256
2022-03-02 13:42:55 DEBUG PooledByteBufAllocator:169 - -Dio.netty.allocator.normalCacheSize: 64
2022-03-02 13:42:55 DEBUG PooledByteBufAllocator:170 - -Dio.netty.allocator.maxCachedBufferCapacity: 32768
2022-03-02 13:42:55 DEBUG PooledByteBufAllocator:171 - -Dio.netty.allocator.cacheTrimInterval: 8192
2022-03-02 13:42:55 DEBUG PooledByteBufAllocator:172 - -Dio.netty.allocator.cacheTrimIntervalMillis: 0
2022-03-02 13:42:55 DEBUG PooledByteBufAllocator:173 - -Dio.netty.allocator.useCacheForAllThreads: true
2022-03-02 13:42:55 DEBUG PooledByteBufAllocator:174 - -Dio.netty.allocator.maxCachedByteBuffersPerChunk: 1023
2022-03-02 13:42:55 DEBUG ByteBufUtil:87 - -Dio.netty.allocator.type: pooled
2022-03-02 13:42:55 DEBUG ByteBufUtil:96 - -Dio.netty.threadLocalDirectBufferSize: 0
2022-03-02 13:42:55 DEBUG ByteBufUtil:99 - -Dio.netty.maxThreadLocalCharBufferSize: 16384
2022-03-02 13:42:55 DEBUG DefaultChannelId:79 - -Dio.netty.processId: 23296 (auto-detected)
2022-03-02 13:42:55 DEBUG NetUtil:135 - -Djava.net.preferIPv4Stack: true
2022-03-02 13:42:55 DEBUG NetUtil:136 - -Djava.net.preferIPv6Addresses: false
2022-03-02 13:42:55 DEBUG NetUtilInitializations:129 - Loopback interface: lo (Software Loopback Interface 1, 127.0.0.1)
2022-03-02 13:42:55 DEBUG NetUtil:187 - Failed to get SOMAXCONN from sysctl and file \proc\sys\net\core\somaxconn. Default: 200
2022-03-02 13:42:56 DEBUG DefaultChannelId:101 - -Dio.netty.machineId: 38:68:93:ff:fe:55:c8:a5 (auto-detected)
2022-03-02 13:42:56 DEBUG AbstractByteBuf:63 - -Dio.netty.buffer.checkAccessible: true
2022-03-02 13:42:56 DEBUG AbstractByteBuf:64 - -Dio.netty.buffer.checkBounds: true
2022-03-02 13:42:56 DEBUG ResourceLeakDetectorFactory:196 - Loaded default ResourceLeakDetector: io.netty.util.ResourceLeakDetector@34fa6c35
2022-03-02 13:42:56 DEBUG Recycler:85 - -Dio.netty.recycler.maxCapacityPerThread: 4096
2022-03-02 13:42:56 DEBUG Recycler:86 - -Dio.netty.recycler.ratio: 8
2022-03-02 13:42:56 DEBUG Recycler:87 - -Dio.netty.recycler.chunkSize: 32
2022-03-02 13:42:56 DEBUG Recycler:88 - -Dio.netty.recycler.blocking: false
2022-03-02 13:42:56 DEBUG Brotli:38 - brotli4j not in the classpath; Brotli support will be unavailable.
2022-03-02 13:42:56 DEBUG ThreadLocalRandom:214 - -Dio.netty.initialSeedUniquifier: 0x18568b7c86ac6f11
2022-03-02 13:42:57 INFO  Log4j:25 - Driver launched
2022-03-02 13:42:57 INFO  Log4j:14 - =====================================Test case 1 TEST START=========================================
2022-03-02 13:44:14 DEBUG InternalLoggerFactory:89 - Using Log4J as the default logging framework
2022-03-02 13:44:14 DEBUG ResourceLeakDetector:129 - -Dio.netty.leakDetection.level: simple
2022-03-02 13:44:14 DEBUG ResourceLeakDetector:130 - -Dio.netty.leakDetection.targetRecords: 4
2022-03-02 13:44:14 DEBUG ResourceLeakDetectorFactory:196 - Loaded default ResourceLeakDetector: io.netty.util.ResourceLeakDetector@79d94571
2022-03-02 13:44:14 DEBUG PlatformDependent0:460 - -Dio.netty.noUnsafe: false
2022-03-02 13:44:14 DEBUG PlatformDependent0:954 - Java version: 17
2022-03-02 13:44:14 DEBUG PlatformDependent0:135 - sun.misc.Unsafe.theUnsafe: available
2022-03-02 13:44:14 DEBUG PlatformDependent0:159 - sun.misc.Unsafe.copyMemory: available
2022-03-02 13:44:14 DEBUG PlatformDependent0:202 - java.nio.Buffer.address: available
2022-03-02 13:44:14 DEBUG PlatformDependent0:285 - direct buffer constructor: unavailable: Reflective setAccessible(true) disabled
2022-03-02 13:44:14 DEBUG PlatformDependent0:350 - java.nio.Bits.unaligned: available, true
2022-03-02 13:44:14 DEBUG PlatformDependent0:417 - jdk.internal.misc.Unsafe.allocateUninitializedArray(int): unavailable: class io.netty.util.internal.PlatformDependent0$6 cannot access class jdk.internal.misc.Unsafe (in module java.base) because module java.base does not export jdk.internal.misc to unnamed module @61dc03ce
2022-03-02 13:44:14 DEBUG PlatformDependent0:446 - java.nio.DirectByteBuffer.<init>(long, int): unavailable
2022-03-02 13:44:14 DEBUG PlatformDependent:1116 - sun.misc.Unsafe: available
2022-03-02 13:44:14 DEBUG PlatformDependent:1218 - maxDirectMemory: 2080374784 bytes (maybe)
2022-03-02 13:44:14 DEBUG PlatformDependent:1237 - -Dio.netty.tmpdir: C:\Users\Admin\AppData\Local\Temp (java.io.tmpdir)
2022-03-02 13:44:14 DEBUG PlatformDependent:1316 - -Dio.netty.bitMode: 64 (sun.arch.data.model)
2022-03-02 13:44:14 DEBUG PlatformDependent:1076 - Platform: Windows
2022-03-02 13:44:14 DEBUG PlatformDependent:178 - -Dio.netty.maxDirectMemory: -1 bytes
2022-03-02 13:44:14 DEBUG PlatformDependent:185 - -Dio.netty.uninitializedArrayAllocationThreshold: -1
2022-03-02 13:44:14 DEBUG CleanerJava9:71 - java.nio.ByteBuffer.cleaner(): available
2022-03-02 13:44:14 DEBUG PlatformDependent:205 - -Dio.netty.noPreferDirect: false
2022-03-02 13:44:14 DEBUG PlatformDependent:967 - org.jctools-core.MpscChunkedArrayQueue: available
2022-03-02 13:44:14 DEBUG InternalThreadLocalMap:86 - -Dio.netty.threadLocalMap.stringBuilder.initialSize: 1024
2022-03-02 13:44:14 DEBUG InternalThreadLocalMap:89 - -Dio.netty.threadLocalMap.stringBuilder.maxSize: 4096
2022-03-02 13:44:14 DEBUG JdkSslContext:97 - Default protocols (JDK): [TLSv1.3, TLSv1.2] 
2022-03-02 13:44:14 DEBUG JdkSslContext:98 - Default cipher suites (JDK): [TLS_ECDHE_ECDSA_WITH_AES_256_GCM_SHA384, TLS_ECDHE_ECDSA_WITH_AES_128_GCM_SHA256, TLS_ECDHE_RSA_WITH_AES_128_GCM_SHA256, TLS_ECDHE_RSA_WITH_AES_256_GCM_SHA384, TLS_ECDHE_RSA_WITH_AES_128_CBC_SHA, TLS_ECDHE_RSA_WITH_AES_256_CBC_SHA, TLS_RSA_WITH_AES_128_GCM_SHA256, TLS_RSA_WITH_AES_128_CBC_SHA, TLS_RSA_WITH_AES_256_CBC_SHA, TLS_AES_128_GCM_SHA256, TLS_AES_256_GCM_SHA384]
2022-03-02 13:44:14 DEBUG MultithreadEventLoopGroup:44 - -Dio.netty.eventLoopThreads: 8
2022-03-02 13:44:14 DEBUG NioEventLoop:109 - -Dio.netty.noKeySetOptimization: false
2022-03-02 13:44:14 DEBUG NioEventLoop:110 - -Dio.netty.selectorAutoRebuildThreshold: 512
2022-03-02 13:44:14 DEBUG PooledByteBufAllocator:155 - -Dio.netty.allocator.numHeapArenas: 8
2022-03-02 13:44:14 DEBUG PooledByteBufAllocator:156 - -Dio.netty.allocator.numDirectArenas: 8
2022-03-02 13:44:14 DEBUG PooledByteBufAllocator:158 - -Dio.netty.allocator.pageSize: 8192
2022-03-02 13:44:14 DEBUG PooledByteBufAllocator:163 - -Dio.netty.allocator.maxOrder: 11
2022-03-02 13:44:14 DEBUG PooledByteBufAllocator:167 - -Dio.netty.allocator.chunkSize: 16777216
2022-03-02 13:44:14 DEBUG PooledByteBufAllocator:168 - -Dio.netty.allocator.smallCacheSize: 256
2022-03-02 13:44:14 DEBUG PooledByteBufAllocator:169 - -Dio.netty.allocator.normalCacheSize: 64
2022-03-02 13:44:14 DEBUG PooledByteBufAllocator:170 - -Dio.netty.allocator.maxCachedBufferCapacity: 32768
2022-03-02 13:44:14 DEBUG PooledByteBufAllocator:171 - -Dio.netty.allocator.cacheTrimInterval: 8192
2022-03-02 13:44:14 DEBUG PooledByteBufAllocator:172 - -Dio.netty.allocator.cacheTrimIntervalMillis: 0
2022-03-02 13:44:14 DEBUG PooledByteBufAllocator:173 - -Dio.netty.allocator.useCacheForAllThreads: true
2022-03-02 13:44:14 DEBUG PooledByteBufAllocator:174 - -Dio.netty.allocator.maxCachedByteBuffersPerChunk: 1023
2022-03-02 13:44:14 DEBUG ByteBufUtil:87 - -Dio.netty.allocator.type: pooled
2022-03-02 13:44:14 DEBUG ByteBufUtil:96 - -Dio.netty.threadLocalDirectBufferSize: 0
2022-03-02 13:44:14 DEBUG ByteBufUtil:99 - -Dio.netty.maxThreadLocalCharBufferSize: 16384
2022-03-02 13:44:15 DEBUG DefaultChannelId:79 - -Dio.netty.processId: 16264 (auto-detected)
2022-03-02 13:44:15 DEBUG NetUtil:135 - -Djava.net.preferIPv4Stack: true
2022-03-02 13:44:15 DEBUG NetUtil:136 - -Djava.net.preferIPv6Addresses: false
2022-03-02 13:44:15 DEBUG NetUtilInitializations:129 - Loopback interface: lo (Software Loopback Interface 1, 127.0.0.1)
2022-03-02 13:44:15 DEBUG NetUtil:187 - Failed to get SOMAXCONN from sysctl and file \proc\sys\net\core\somaxconn. Default: 200
2022-03-02 13:44:15 DEBUG DefaultChannelId:101 - -Dio.netty.machineId: 38:68:93:ff:fe:55:c8:a5 (auto-detected)
2022-03-02 13:44:15 DEBUG AbstractByteBuf:63 - -Dio.netty.buffer.checkAccessible: true
2022-03-02 13:44:15 DEBUG AbstractByteBuf:64 - -Dio.netty.buffer.checkBounds: true
2022-03-02 13:44:15 DEBUG ResourceLeakDetectorFactory:196 - Loaded default ResourceLeakDetector: io.netty.util.ResourceLeakDetector@7fb7db0c
2022-03-02 13:44:15 DEBUG Recycler:85 - -Dio.netty.recycler.maxCapacityPerThread: 4096
2022-03-02 13:44:15 DEBUG Recycler:86 - -Dio.netty.recycler.ratio: 8
2022-03-02 13:44:15 DEBUG Recycler:87 - -Dio.netty.recycler.chunkSize: 32
2022-03-02 13:44:15 DEBUG Recycler:88 - -Dio.netty.recycler.blocking: false
2022-03-02 13:44:16 DEBUG Brotli:38 - brotli4j not in the classpath; Brotli support will be unavailable.
2022-03-02 13:44:16 DEBUG ThreadLocalRandom:214 - -Dio.netty.initialSeedUniquifier: 0xb0894470d0d83d4e
2022-03-02 13:44:16 INFO  Log4j:25 - Driver launched
2022-03-02 13:44:16 INFO  Log4j:14 - =====================================Test case 1 TEST START=========================================
2022-03-02 13:46:37 DEBUG InternalLoggerFactory:89 - Using Log4J as the default logging framework
2022-03-02 13:46:37 DEBUG ResourceLeakDetector:129 - -Dio.netty.leakDetection.level: simple
2022-03-02 13:46:37 DEBUG ResourceLeakDetector:130 - -Dio.netty.leakDetection.targetRecords: 4
2022-03-02 13:46:37 DEBUG ResourceLeakDetectorFactory:196 - Loaded default ResourceLeakDetector: io.netty.util.ResourceLeakDetector@79d94571
2022-03-02 13:46:37 DEBUG PlatformDependent0:460 - -Dio.netty.noUnsafe: false
2022-03-02 13:46:37 DEBUG PlatformDependent0:954 - Java version: 17
2022-03-02 13:46:37 DEBUG PlatformDependent0:135 - sun.misc.Unsafe.theUnsafe: available
2022-03-02 13:46:37 DEBUG PlatformDependent0:159 - sun.misc.Unsafe.copyMemory: available
2022-03-02 13:46:37 DEBUG PlatformDependent0:202 - java.nio.Buffer.address: available
2022-03-02 13:46:37 DEBUG PlatformDependent0:285 - direct buffer constructor: unavailable: Reflective setAccessible(true) disabled
2022-03-02 13:46:37 DEBUG PlatformDependent0:350 - java.nio.Bits.unaligned: available, true
2022-03-02 13:46:37 DEBUG PlatformDependent0:417 - jdk.internal.misc.Unsafe.allocateUninitializedArray(int): unavailable: class io.netty.util.internal.PlatformDependent0$6 cannot access class jdk.internal.misc.Unsafe (in module java.base) because module java.base does not export jdk.internal.misc to unnamed module @61dc03ce
2022-03-02 13:46:37 DEBUG PlatformDependent0:446 - java.nio.DirectByteBuffer.<init>(long, int): unavailable
2022-03-02 13:46:37 DEBUG PlatformDependent:1116 - sun.misc.Unsafe: available
2022-03-02 13:46:37 DEBUG PlatformDependent:1218 - maxDirectMemory: 2080374784 bytes (maybe)
2022-03-02 13:46:37 DEBUG PlatformDependent:1237 - -Dio.netty.tmpdir: C:\Users\Admin\AppData\Local\Temp (java.io.tmpdir)
2022-03-02 13:46:37 DEBUG PlatformDependent:1316 - -Dio.netty.bitMode: 64 (sun.arch.data.model)
2022-03-02 13:46:37 DEBUG PlatformDependent:1076 - Platform: Windows
2022-03-02 13:46:37 DEBUG PlatformDependent:178 - -Dio.netty.maxDirectMemory: -1 bytes
2022-03-02 13:46:37 DEBUG PlatformDependent:185 - -Dio.netty.uninitializedArrayAllocationThreshold: -1
2022-03-02 13:46:37 DEBUG CleanerJava9:71 - java.nio.ByteBuffer.cleaner(): available
2022-03-02 13:46:37 DEBUG PlatformDependent:205 - -Dio.netty.noPreferDirect: false
2022-03-02 13:46:37 DEBUG PlatformDependent:967 - org.jctools-core.MpscChunkedArrayQueue: available
2022-03-02 13:46:37 DEBUG InternalThreadLocalMap:86 - -Dio.netty.threadLocalMap.stringBuilder.initialSize: 1024
2022-03-02 13:46:37 DEBUG InternalThreadLocalMap:89 - -Dio.netty.threadLocalMap.stringBuilder.maxSize: 4096
2022-03-02 13:46:38 DEBUG JdkSslContext:97 - Default protocols (JDK): [TLSv1.3, TLSv1.2] 
2022-03-02 13:46:38 DEBUG JdkSslContext:98 - Default cipher suites (JDK): [TLS_ECDHE_ECDSA_WITH_AES_256_GCM_SHA384, TLS_ECDHE_ECDSA_WITH_AES_128_GCM_SHA256, TLS_ECDHE_RSA_WITH_AES_128_GCM_SHA256, TLS_ECDHE_RSA_WITH_AES_256_GCM_SHA384, TLS_ECDHE_RSA_WITH_AES_128_CBC_SHA, TLS_ECDHE_RSA_WITH_AES_256_CBC_SHA, TLS_RSA_WITH_AES_128_GCM_SHA256, TLS_RSA_WITH_AES_128_CBC_SHA, TLS_RSA_WITH_AES_256_CBC_SHA, TLS_AES_128_GCM_SHA256, TLS_AES_256_GCM_SHA384]
2022-03-02 13:46:38 DEBUG MultithreadEventLoopGroup:44 - -Dio.netty.eventLoopThreads: 8
2022-03-02 13:46:38 DEBUG NioEventLoop:109 - -Dio.netty.noKeySetOptimization: false
2022-03-02 13:46:38 DEBUG NioEventLoop:110 - -Dio.netty.selectorAutoRebuildThreshold: 512
2022-03-02 13:46:38 DEBUG PooledByteBufAllocator:155 - -Dio.netty.allocator.numHeapArenas: 8
2022-03-02 13:46:38 DEBUG PooledByteBufAllocator:156 - -Dio.netty.allocator.numDirectArenas: 8
2022-03-02 13:46:38 DEBUG PooledByteBufAllocator:158 - -Dio.netty.allocator.pageSize: 8192
2022-03-02 13:46:38 DEBUG PooledByteBufAllocator:163 - -Dio.netty.allocator.maxOrder: 11
2022-03-02 13:46:38 DEBUG PooledByteBufAllocator:167 - -Dio.netty.allocator.chunkSize: 16777216
2022-03-02 13:46:38 DEBUG PooledByteBufAllocator:168 - -Dio.netty.allocator.smallCacheSize: 256
2022-03-02 13:46:38 DEBUG PooledByteBufAllocator:169 - -Dio.netty.allocator.normalCacheSize: 64
2022-03-02 13:46:38 DEBUG PooledByteBufAllocator:170 - -Dio.netty.allocator.maxCachedBufferCapacity: 32768
2022-03-02 13:46:38 DEBUG PooledByteBufAllocator:171 - -Dio.netty.allocator.cacheTrimInterval: 8192
2022-03-02 13:46:38 DEBUG PooledByteBufAllocator:172 - -Dio.netty.allocator.cacheTrimIntervalMillis: 0
2022-03-02 13:46:38 DEBUG PooledByteBufAllocator:173 - -Dio.netty.allocator.useCacheForAllThreads: true
2022-03-02 13:46:38 DEBUG PooledByteBufAllocator:174 - -Dio.netty.allocator.maxCachedByteBuffersPerChunk: 1023
2022-03-02 13:46:38 DEBUG ByteBufUtil:87 - -Dio.netty.allocator.type: pooled
2022-03-02 13:46:38 DEBUG ByteBufUtil:96 - -Dio.netty.threadLocalDirectBufferSize: 0
2022-03-02 13:46:38 DEBUG ByteBufUtil:99 - -Dio.netty.maxThreadLocalCharBufferSize: 16384
2022-03-02 13:46:38 DEBUG DefaultChannelId:79 - -Dio.netty.processId: 35224 (auto-detected)
2022-03-02 13:46:38 DEBUG NetUtil:135 - -Djava.net.preferIPv4Stack: true
2022-03-02 13:46:38 DEBUG NetUtil:136 - -Djava.net.preferIPv6Addresses: false
2022-03-02 13:46:38 DEBUG NetUtilInitializations:129 - Loopback interface: lo (Software Loopback Interface 1, 127.0.0.1)
2022-03-02 13:46:38 DEBUG NetUtil:187 - Failed to get SOMAXCONN from sysctl and file \proc\sys\net\core\somaxconn. Default: 200
2022-03-02 13:46:38 DEBUG DefaultChannelId:101 - -Dio.netty.machineId: 38:68:93:ff:fe:55:c8:a5 (auto-detected)
2022-03-02 13:46:38 DEBUG AbstractByteBuf:63 - -Dio.netty.buffer.checkAccessible: true
2022-03-02 13:46:38 DEBUG AbstractByteBuf:64 - -Dio.netty.buffer.checkBounds: true
2022-03-02 13:46:38 DEBUG ResourceLeakDetectorFactory:196 - Loaded default ResourceLeakDetector: io.netty.util.ResourceLeakDetector@7fb7db0c
2022-03-02 13:46:38 DEBUG Recycler:85 - -Dio.netty.recycler.maxCapacityPerThread: 4096
2022-03-02 13:46:38 DEBUG Recycler:86 - -Dio.netty.recycler.ratio: 8
2022-03-02 13:46:38 DEBUG Recycler:87 - -Dio.netty.recycler.chunkSize: 32
2022-03-02 13:46:38 DEBUG Recycler:88 - -Dio.netty.recycler.blocking: false
2022-03-02 13:46:39 DEBUG Brotli:38 - brotli4j not in the classpath; Brotli support will be unavailable.
2022-03-02 13:46:39 DEBUG ThreadLocalRandom:214 - -Dio.netty.initialSeedUniquifier: 0x4b25dc0d39a47d6e
2022-03-02 13:46:39 INFO  Log4j:25 - Driver launched
2022-03-02 13:46:39 INFO  Log4j:14 - =====================================Test case 1 TEST START=========================================
